# JRE version: Java(TM) SE Runtime Environment (7.0_67-b01) (build 1.7.0_67-b01)
# Java VM: Java HotSpot(TM) 64-Bit Server VM (24.65-b04 mixed mode windows-amd64 compressed oops)
Heap
 PSYoungGen      total 66560K, used 13417K [0x00000000d8100000, 0x00000000dc700000, 0x0000000100000000)
  eden space 61440K, 13% used [0x00000000d8100000,0x00000000d895b020,0x00000000dbd00000)
  from space 5120K, 94% used [0x00000000dc200000,0x00000000dc6bf620,0x00000000dc700000)
  to   space 5120K, 0% used [0x00000000dbd00000,0x00000000dbd00000,0x00000000dc200000)
 ParOldGen       total 81408K, used 36768K [0x0000000088400000, 0x000000008d380000, 0x00000000d8100000)
  object space 81408K, 45% used [0x0000000088400000,0x000000008a7e8290,0x000000008d380000)
 PSPermGen       total 21504K, used 10615K [0x0000000083200000, 0x0000000084700000, 0x0000000088400000)
  object space 21504K, 49% used [0x0000000083200000,0x0000000083c5ddb8,0x0000000084700000)
GC Heap History (8 events):
Event: 4.295 GC heap before
{Heap before GC invocations=1 (full 0):
 PSYoungGen      total 35840K, used 30720K [0x00000000d8100000, 0x00000000da900000, 0x0000000100000000)
  eden space 30720K, 100% used [0x00000000d8100000,0x00000000d9f00000,0x00000000d9f00000)
  from space 5120K, 0% used [0x00000000da400000,0x00000000da400000,0x00000000da900000)
  to   space 5120K, 0% used [0x00000000d9f00000,0x00000000d9f00000,0x00000000da400000)
 ParOldGen       total 81408K, used 0K [0x0000000088400000, 0x000000008d380000, 0x00000000d8100000)
  object space 81408K, 0% used [0x0000000088400000,0x0000000088400000,0x000000008d380000)
 PSPermGen       total 21504K, used 10562K [0x0000000083200000, 0x0000000084700000, 0x0000000088400000)
  object space 21504K, 49% used [0x0000000083200000,0x0000000083c50a28,0x0000000084700000)
Event: 4.323 GC heap after
Heap after GC invocations=1 (full 0):
 PSYoungGen      total 35840K, used 4477K [0x00000000d8100000, 0x00000000da900000, 0x0000000100000000)
  eden space 30720K, 0% used [0x00000000d8100000,0x00000000d8100000,0x00000000d9f00000)
  from space 5120K, 87% used [0x00000000d9f00000,0x00000000da35f620,0x00000000da400000)
  to   space 5120K, 0% used [0x00000000da400000,0x00000000da400000,0x00000000da900000)
 ParOldGen       total 81408K, used 27648K [0x0000000088400000, 0x000000008d380000, 0x00000000d8100000)
  object space 81408K, 33% used [0x0000000088400000,0x0000000089f00030,0x000000008d380000)
 PSPermGen       total 21504K, used 10562K [0x0000000083200000, 0x0000000084700000, 0x0000000088400000)
  object space 21504K, 49% used [0x0000000083200000,0x0000000083c50a28,0x0000000084700000)
}
Event: 4.628 GC heap before
{Heap before GC invocations=2 (full 0):
 PSYoungGen      total 35840K, used 35197K [0x00000000d8100000, 0x00000000da900000, 0x0000000100000000)
  eden space 30720K, 100% used [0x00000000d8100000,0x00000000d9f00000,0x00000000d9f00000)
  from space 5120K, 87% used [0x00000000d9f00000,0x00000000da35f620,0x00000000da400000)
  to   space 5120K, 0% used [0x00000000da400000,0x00000000da400000,0x00000000da900000)
 ParOldGen       total 81408K, used 27648K [0x0000000088400000, 0x000000008d380000, 0x00000000d8100000)
  object space 81408K, 33% used [0x0000000088400000,0x0000000089f00030,0x000000008d380000)
 PSPermGen       total 21504K, used 10562K [0x0000000083200000, 0x0000000084700000, 0x0000000088400000)
  object space 21504K, 49% used [0x0000000083200000,0x0000000083c50a28,0x0000000084700000)
Event: 4.638 GC heap after
Heap after GC invocations=2 (full 0):
 PSYoungGen      total 35840K, used 4445K [0x00000000d8100000, 0x00000000dc700000, 0x0000000100000000)
  eden space 30720K, 0% used [0x00000000d8100000,0x00000000d8100000,0x00000000d9f00000)
  from space 5120K, 86% used [0x00000000da400000,0x00000000da857620,0x00000000da900000)
  to   space 5120K, 0% used [0x00000000d9f00000,0x00000000d9f00000,0x00000000da400000)
 ParOldGen       total 81408K, used 32204K [0x0000000088400000, 0x000000008d380000, 0x00000000d8100000)
  object space 81408K, 39% used [0x0000000088400000,0x000000008a373160,0x000000008d380000)
 PSPermGen       total 21504K, used 10562K [0x0000000083200000, 0x0000000084700000, 0x0000000088400000)
  object space 21504K, 49% used [0x0000000083200000,0x0000000083c50a28,0x0000000084700000)
}
Event: 4.948 GC heap before
{Heap before GC invocations=3 (full 0):
 PSYoungGen      total 35840K, used 35165K [0x00000000d8100000, 0x00000000dc700000, 0x0000000100000000)
  eden space 30720K, 100% used [0x00000000d8100000,0x00000000d9f00000,0x00000000d9f00000)
  from space 5120K, 86% used [0x00000000da400000,0x00000000da857620,0x00000000da900000)
  to   space 5120K, 0% used [0x00000000d9f00000,0x00000000d9f00000,0x00000000da400000)
 ParOldGen       total 81408K, used 32204K [0x0000000088400000, 0x000000008d380000, 0x00000000d8100000)
  object space 81408K, 39% used [0x0000000088400000,0x000000008a373160,0x000000008d380000)
 PSPermGen       total 21504K, used 10562K [0x0000000083200000, 0x0000000084700000, 0x0000000088400000)
  object space 21504K, 49% used [0x0000000083200000,0x0000000083c50a28,0x0000000084700000)
Event: 4.955 GC heap after
Heap after GC invocations=3 (full 0):
 PSYoungGen      total 35840K, used 4413K [0x00000000d8100000, 0x00000000dc700000, 0x0000000100000000)
  eden space 30720K, 0% used [0x00000000d8100000,0x00000000d8100000,0x00000000d9f00000)
  from space 5120K, 86% used [0x00000000d9f00000,0x00000000da34f620,0x00000000da400000)
  to   space 5120K, 0% used [0x00000000dc200000,0x00000000dc200000,0x00000000dc700000)
 ParOldGen       total 81408K, used 33723K [0x0000000088400000, 0x000000008d380000, 0x00000000d8100000)
  object space 81408K, 41% used [0x0000000088400000,0x000000008a4eec70,0x000000008d380000)
 PSPermGen       total 21504K, used 10562K [0x0000000083200000, 0x0000000084700000, 0x0000000088400000)
  object space 21504K, 49% used [0x0000000083200000,0x0000000083c50a28,0x0000000084700000)
}
Event: 5.279 GC heap before
{Heap before GC invocations=4 (full 0):
 PSYoungGen      total 35840K, used 35133K [0x00000000d8100000, 0x00000000dc700000, 0x0000000100000000)
  eden space 30720K, 100% used [0x00000000d8100000,0x00000000d9f00000,0x00000000d9f00000)
  from space 5120K, 86% used [0x00000000d9f00000,0x00000000da34f620,0x00000000da400000)
  to   space 5120K, 0% used [0x00000000dc200000,0x00000000dc200000,0x00000000dc700000)
 ParOldGen       total 81408K, used 33723K [0x0000000088400000, 0x000000008d380000, 0x00000000d8100000)
  object space 81408K, 41% used [0x0000000088400000,0x000000008a4eec70,0x000000008d380000)
 PSPermGen       total 21504K, used 10605K [0x0000000083200000, 0x0000000084700000, 0x0000000088400000)
  object space 21504K, 49% used [0x0000000083200000,0x0000000083c5b770,0x0000000084700000)
Event: 5.288 GC heap after
Heap after GC invocations=4 (full 0):
 PSYoungGen      total 66560K, used 4861K [0x00000000d8100000, 0x00000000dc700000, 0x0000000100000000)
  eden space 61440K, 0% used [0x00000000d8100000,0x00000000d8100000,0x00000000dbd00000)
  from space 5120K, 94% used [0x00000000dc200000,0x00000000dc6bf620,0x00000000dc700000)
  to   space 5120K, 0% used [0x00000000dbd00000,0x00000000dbd00000,0x00000000dc200000)
 ParOldGen       total 81408K, used 36768K [0x0000000088400000, 0x000000008d380000, 0x00000000d8100000)
  object space 81408K, 45% used [0x0000000088400000,0x000000008a7e8290,0x000000008d380000)
 PSPermGen       total 21504K, used 10605K [0x0000000083200000, 0x0000000084700000, 0x0000000088400000)
  object space 21504K, 49% used [0x0000000083200000,0x0000000083c5b770,0x0000000084700000)
}

